This is TeX, Version 3.14159 (Web2C 7.3.1) (format=latex 2002.8.29)  19 MAR 2003 14:16
**./images.tex
(./images.tex
LaTeX2e <2000/06/01>
Babel <v3.7h> and hyphenation patterns for american, french, german, ngerman, i
talian, nohyphenation, loaded.

(/usr/share/texmf/tex/latex/base/book.cls
Document Class: book 2000/05/19 v1.4b Standard LaTeX document class
(/usr/share/texmf/tex/latex/base/bk12.clo
File: bk12.clo 2000/05/19 v1.4b Standard LaTeX file (size option)
)
\c@part=\count79
\c@chapter=\count80
\c@section=\count81
\c@subsection=\count82
\c@subsubsection=\count83
\c@paragraph=\count84
\c@subparagraph=\count85
\c@figure=\count86
\c@table=\count87
\abovecaptionskip=\skip41
\belowcaptionskip=\skip42
\bibindent=\dimen102
) (/usr/share/texmf/tex/latex/base/ifthen.sty
Package: ifthen 1999/09/10 v1.1b Standard LaTeX ifthen package (DPC)
) (/usr/share/texmf/tex/generic/misc/psfig.sty
\@unused=\write3
\ps@stream=\read1
\p@intvaluex=\dimen103
\p@intvaluey=\dimen104
psfig/tex 1.10-dvips
) (/usr/share/texmf/tex/latex/graphics/color.sty
Package: color 1999/02/16 v1.0i Standard LaTeX Color (DPC)
(/usr/share/texmf/tex/latex/config/color.cfg)
Package color Info: Driver file: dvips.def on input line 125.
(/usr/share/texmf/tex/latex/graphics/dvips.def
File: dvips.def 1999/02/16 v3.0i Driver-dependant file (DPC,SPQR)
) (/usr/share/texmf/tex/latex/graphics/dvipsnam.def
File: dvipsnam.def 1999/02/16 v3.0i Driver-dependant file (DPC,SPQR)
)) (/usr/share/texmf/tex/latex/base/inputenc.sty
Package: inputenc 2000/07/01 v0.996 Input encoding file 
)
\sizebox=\box26
\lthtmlwrite=\write4

LaTeX Warning: Unused global option(s):
    [psfig,tighten].

(images.aux)
\openout1 = `images.aux'.

LaTeX Font Info:    Checking defaults for OML/cmm/m/it on input line 109.
LaTeX Font Info:    ... okay on input line 109.
LaTeX Font Info:    Checking defaults for T1/cmr/m/n on input line 109.
LaTeX Font Info:    ... okay on input line 109.
LaTeX Font Info:    Checking defaults for OT1/cmr/m/n on input line 109.
LaTeX Font Info:    ... okay on input line 109.
LaTeX Font Info:    Checking defaults for OMS/cmsy/m/n on input line 109.
LaTeX Font Info:    ... okay on input line 109.
LaTeX Font Info:    Checking defaults for OMX/cmex/m/n on input line 109.
LaTeX Font Info:    ... okay on input line 109.
LaTeX Font Info:    Checking defaults for U/cmr/m/n on input line 109.
LaTeX Font Info:    ... okay on input line 109.

latex2htmlLength hsize=349.0pt

latex2htmlLength vsize=630.3738pt

latex2htmlLength hoffset=0.0pt

latex2htmlLength voffset=0.0pt

latex2htmlLength topmargin=0.0pt

latex2htmlLength topskip=0.00003pt

latex2htmlLength headheight=0.0pt

latex2htmlLength headsep=0.0pt

latex2htmlLength parskip=0.0pt plus 1.0pt

latex2htmlLength oddsidemargin=39.0pt

latex2htmlLength evensidemargin=39.0pt

LaTeX Font Info:    External font `cmex10' loaded for size
(Font)              <12> on input line 140.
LaTeX Font Info:    External font `cmex10' loaded for size
(Font)              <8> on input line 140.
LaTeX Font Info:    External font `cmex10' loaded for size
(Font)              <6> on input line 140.
l2hSize :tex2html_wrap_inline349:9.5pt::9.5pt::152.62424pt.
[1



]
l2hSize :tex2html_wrap_inline351:9.5pt::9.5pt::19.50401pt.
[2


]
l2hSize :tex2html_wrap_inline353:9.5pt::9.5pt::31.44487pt.
[3


]
l2hSize :tex2html_wrap_inline355:7.75pt::0.0pt::7.26456pt.
[4


]
l2hSize :tex2html_wrap_inline357:7.75pt::0.0pt::12.3374pt.
[5


]
l2hSize :tex2html_wrap_inline359:7.75pt::0.0pt::18.21234pt.
[6


]
l2hSize :tex2html_wrap_inline361:7.75pt::0.0pt::18.21234pt.
[7


]
l2hSize :tex2html_wrap_inline363:7.75pt::0.0pt::24.08728pt.
[8


]
l2hSize :tex2html_wrap_inline365:7.75pt::0.0pt::6.46246pt.
[9


]
l2hSize :tex2html_wrap_inline367:7.75pt::0.0pt::12.3374pt.
[10


]
l2hSize :tex2html_wrap_inline369:7.75pt::0.0pt::12.3374pt.
[11


]
l2hSize :tex2html_wrap_inline371:8.25pt::8.25pt::38.75389pt.
[12


]
psfig: searching main.ps for bounding box
psfig: including main.ps 
l2hSize :figure82:333.24501pt::0.0pt::349.0pt.
[13


]
l2hSize :tex2html_wrap_inline373:7.75pt::0.0pt::19.01443pt.
[14


]
l2hSize :tex2html_wrap_inline375:8.33331pt::0.0pt::20.36787pt.
[15


]
l2hSize :tex2html_wrap_inline377:7.75pt::0.0pt::24.54004pt.
[16


]
l2hSize :tex2html_wrap_inline381:9.5pt::9.5pt::54.19406pt.
[17


]
psfig: searching getfilea.ps for bounding box
psfig: including getfilea.ps 
l2hSize :figure91:204.85973pt::0.0pt::349.0pt.
[18


]
psfig: searching getfilev.ps for bounding box
psfig: including getfilev.ps 
l2hSize :figure96:204.85973pt::0.0pt::349.0pt.
[19


]
l2hSize :tex2html_wrap_inline389:8.2pt::0.0pt::16.5446pt.
[20


]
l2hSize :tex2html_wrap_inline391:7.75pt::0.0pt::24.08728pt.
[21


]
l2hSize :tex2html_wrap_inline405:8.2pt::0.0pt::16.5446pt.
[22


]
l2hSize :tex2html_wrap_inline407:7.75pt::0.0pt::4.83054pt.
[23


]
psfig: searching calcparaa.ps for bounding box
psfig: including calcparaa.ps 
l2hSize :figure110:199.16928pt::0.0pt::349.0pt.
[24


]
psfig: searching calcparv.ps for bounding box
psfig: including calcparv.ps 
l2hSize :figure115:199.16928pt::0.0pt::349.0pt.
[25


]
l2hSize :tex2html_wrap_inline411:8.25pt::8.25pt::27.5457pt.
[26


]
l2hSize :tex2html_wrap_inline413:7.75pt::0.0pt::18.21234pt.
[27


]
l2hSize :tex2html_wrap_inline415:7.75pt::0.0pt::12.3374pt.
[28


]
l2hSize :tex2html_wrap_inline417:8.25pt::8.25pt::21.67076pt.
[29


]
l2hSize :tex2html_wrap_inline419:7.75pt::0.0pt::6.46246pt.
[30


]
l2hSize :tex2html_wrap_inline423:7.75pt::0.0pt::15.60126pt.
[31


]
l2hSize :tex2html_wrap_inline425:9.5pt::9.5pt::22.12897pt.
[32


]
l2hSize :tex2html_wrap_inline427:8.33331pt::0.0pt::38.4781pt.
[33


]
l2hSize :tex2html_wrap_inline429:7.75pt::0.0pt::107.64197pt.
[34


]
l2hSize :tex2html_wrap_inline431:7.75pt::0.0pt::12.3374pt.
[35


]
psfig: searching inputa.ps for bounding box
psfig: including inputa.ps 
l2hSize :figure137:279.1215pt::0.0pt::349.0pt.
[36


]
l2hSize :tex2html_wrap_inline433:7.75pt::0.0pt::12.3374pt.
[37


]
psfig: searching inputv.ps for bounding box
psfig: including inputv.ps 
l2hSize :figure143:279.1215pt::0.0pt::349.0pt.
[38


]
l2hSize :tex2html_wrap_inline445:8.7pt::8.7pt::17.35518pt.
[39


]
l2hSize :tex2html_wrap_inline447:8.7pt::8.7pt::17.49638pt.
[40


]
l2hSize :displaymath337:49.51666pt::0.0pt::349.0pt.
[41


]
l2hSize :displaymath338:49.51666pt::0.0pt::349.0pt.
[42


]
l2hSize :tex2html_wrap_inline449:8.25pt::8.25pt::15.29808pt.
[43


]
l2hSize :tex2html_wrap_inline451:7.86708pt::0.0pt::4.59593pt.
[44


]
l2hSize :tex2html_wrap_inline453:8.36708pt::8.36708pt::6.1237pt.
[45


]
l2hSize :tex2html_wrap_inline455:8.2pt::0.0pt::11.24997pt.
[46


]
l2hSize :tex2html_wrap_inline457:8.2pt::0.0pt::13.20828pt.
[47


]
l2hSize :tex2html_wrap_inline459:10.01027pt::10.01027pt::65.3301pt.
[48


]
l2hSize :displaymath339:17.4666pt::0.0pt::349.0pt.
[49


]
l2hSize :tex2html_wrap_inline461:8.33331pt::0.0pt::7.35135pt.
[50


]
psfig: searching ssa.ps for bounding box
psfig: including ssa.ps 
l2hSize :figure182:222.78496pt::0.0pt::349.0pt.
[51


]
psfig: searching ssv.ps for bounding box
psfig: including ssv.ps 
l2hSize :figure187:220.22421pt::0.0pt::349.0pt.
[52


]
l2hSize :tex2html_wrap_inline465:7.75pt::0.0pt::33.22607pt.
[53


]
psfig: searching strfa.ps for bounding box
psfig: including strfa.ps 
l2hSize :figure199:245.83168pt::0.0pt::349.0pt.
[54


]
psfig: searching strfv.ps for bounding box
psfig: including strfv.ps 
l2hSize :figure204:222.78496pt::0.0pt::349.0pt.
[55


]
l2hSize :tex2html_wrap_inline467:8.83331pt::8.83331pt::58.51956pt.
[56


]
l2hSize :tex2html_wrap_inline477:7.75pt::0.0pt::6.46246pt.
[57


]
l2hSize :displaymath340:33.42212pt::0.0pt::349.0pt.
[58


]
l2hSize :tex2html_wrap_inline481:10.32137pt::10.32137pt::113.42206pt.
[59


]
l2hSize :tex2html_wrap_inline483:9.5pt::9.5pt::20.22781pt.
[60


]
l2hSize :tex2html_wrap_inline487:8.33331pt::0.0pt::90.73863pt.
[61


]
l2hSize :tex2html_wrap_inline491:7.86708pt::0.0pt::33.56929pt.
[62


]
l2hSize :tex2html_wrap_inline493:8.36708pt::8.36708pt::33.05191pt.
[63


]
psfig: searching pstha.ps for bounding box
psfig: including pstha.ps 
l2hSize :figure233:227.90645pt::0.0pt::349.0pt.
[64


]
psfig: searching psthv.ps for bounding box
psfig: including psthv.ps 
l2hSize :figure238:227.90645pt::0.0pt::349.0pt.
[65


]
l2hSize :displaymath341:33.2513pt::0.0pt::349.0pt.
[66


]
l2hSize :tex2html_wrap_inline501:9.5pt::9.5pt::26.51575pt.
[67


]
l2hSize :tex2html_wrap_inline503:11.86664pt::11.86664pt::26.51575pt.
[68


]
l2hSize :tex2html_wrap_inline505:7.75pt::0.0pt::8.33466pt.
[69


]
l2hSize :tex2html_wrap_inline507:8.2pt::0.0pt::6.71318pt.
[70


]
l2hSize :tex2html_wrap_inline511:7.75pt::0.0pt::10.70126pt.
[71


]
l2hSize :tex2html_wrap_inline513:9.5pt::9.5pt::19.5908pt.
[72


]
l2hSize :tex2html_wrap_inline515:9.5pt::9.5pt::19.5908pt.
[73


]
l2hSize :displaymath342:36.52924pt::0.0pt::349.0pt.
[74


]
l2hSize :tex2html_wrap_inline529:8.83331pt::8.83331pt::24.33113pt.
[75


]
l2hSize :tex2html_wrap_inline531:8.83331pt::8.83331pt::52.25516pt.
[76


]
l2hSize :tex2html_wrap_inline541:8.83331pt::8.83331pt::26.44838pt.
[77


]
l2hSize :tex2html_wrap_inline547:7.75pt::0.0pt::16.39987pt.
[78


]
psfig: searching cca.ps for bounding box
psfig: including cca.ps 
l2hSize :figure276:236.15773pt::0.0pt::349.0pt.
[79


]
psfig: searching infoa.ps for bounding box
psfig: including infoa.ps 
l2hSize :figure281:233.31247pt::0.0pt::349.0pt.
[80


]
l2hSize :tex2html_wrap_inline555:9.5pt::9.5pt::83.54924pt.
[81


]
psfig: searching beststrfa.ps for bounding box
psfig: including beststrfa.ps 
l2hSize :figure289:245.83168pt::0.0pt::349.0pt.
[82


] (images.aux) ) 
Here is how much of TeX's memory you used:
 882 strings out of 20887
 10147 string characters out of 196241
 54432 words of memory out of 350001
 3855 multiletter control sequences out of 10000+15000
 6376 words of font info for 23 fonts, out of 400000 for 1000
 14 hyphenation exceptions out of 10000
 22i,10n,21p,178b,285s stack positions out of 3000i,100n,1500p,50000b,4000s

Output written on images.dvi (82 pages, 21364 bytes).
